<?xml version="1.0" encoding="UTF-8"?>
<testng-results ignored="0" total="1" passed="1" failed="0" skipped="0">
  <reporter-output>
  </reporter-output>
  <suite started-at="2023-09-26T15:57:21 CEST" name="Default suite" finished-at="2023-09-26T15:58:27 CEST" duration-ms="65909">
    <groups>
    </groups>
    <test started-at="2023-09-26T15:57:21 CEST" name="Default test" finished-at="2023-09-26T15:58:27 CEST" duration-ms="65909">
      <class name="testing_journey.appium.Ecommerce_WebView">
        <test-method is-config="true" signature="setupAppium()[pri:0, instance:testing_journey.appium.Ecommerce_WebView@53fb3dab]" started-at="2023-09-26T15:57:21 CEST" name="setupAppium" finished-at="2023-09-26T15:57:34 CEST" duration-ms="13403" status="PASS">
          <reporter-output>
          </reporter-output>
        </test-method> <!-- setupAppium -->
        <test-method signature="webViewValidation()[pri:0, instance:testing_journey.appium.Ecommerce_WebView@53fb3dab]" started-at="2023-09-26T15:57:34 CEST" name="webViewValidation" finished-at="2023-09-26T15:58:26 CEST" duration-ms="51355" status="PASS">
          <reporter-output>
          </reporter-output>
        </test-method> <!-- webViewValidation -->
        <test-method is-config="true" signature="clearAppiumProcess()[pri:0, instance:testing_journey.appium.Ecommerce_WebView@53fb3dab]" started-at="2023-09-26T15:58:26 CEST" name="clearAppiumProcess" finished-at="2023-09-26T15:58:27 CEST" duration-ms="1050" status="PASS">
          <reporter-output>
          </reporter-output>
        </test-method> <!-- clearAppiumProcess -->
      </class> <!-- testing_journey.appium.Ecommerce_WebView -->
    </test> <!-- Default test -->
  </suite> <!-- Default suite -->
</testng-results>
